[2025-05-14 15:54:04] Received login request from origin: http://localhost, IP: ::1
[2025-05-14 15:54:04] Session started with ID: l2neu1go9aipl10m6c96ckgl8k
[2025-05-14 15:54:04] Received JSON data: {"email":"quinto_christopher@plpasig.edu.ph","password":"Pass@1538"}
[2025-05-14 15:54:04] User found with email: quinto_christopher@plpasig.edu.ph, User ID: 4
[2025-05-14 15:54:04] Login failed: Account deactivated for email: quinto_christopher@plpasig.edu.ph, Username: Christopher Quinto
[2025-05-14 15:54:34] Received login request from origin: http://localhost, IP: ::1
[2025-05-14 15:54:34] Session started with ID: l2neu1go9aipl10m6c96ckgl8k
[2025-05-14 15:54:34] Received JSON data: {"email":"quinto_christopher@plpasig.edu.ph","password":"Pass@1538"}
[2025-05-14 15:54:34] User found with email: quinto_christopher@plpasig.edu.ph, User ID: 4
[2025-05-14 15:54:34] Account is activated for user: Christopher Quinto
[2025-05-14 15:54:34] Login successful for user: Christopher Quinto. Session variables set.
[2025-05-14 17:57:12] Received login request from origin: http://localhost, IP: ::1
[2025-05-14 17:57:12] Session started with ID: l2neu1go9aipl10m6c96ckgl8k
[2025-05-14 17:57:12] Received JSON data: {"email":"quinto_christopher@plpasig.edu.ph","password":"Pass@1538"}
[2025-05-14 17:57:12] Login failed: Invalid email: quinto_christopher@plpasig.edu.ph
[2025-05-14 17:57:20] Received login request from origin: http://localhost, IP: ::1
[2025-05-14 17:57:20] Session started with ID: l2neu1go9aipl10m6c96ckgl8k
[2025-05-14 17:57:20] Received JSON data: {"email":"quinto_chris@plpasig.edu.ph","password":"Pass@1538"}
[2025-05-14 17:57:20] User found with email: quinto_chris@plpasig.edu.ph, User ID: 4
[2025-05-14 17:57:20] Login failed: Account deactivated for email: quinto_chris@plpasig.edu.ph, Username: Chris Quinto
[2025-05-14 17:58:01] Received login request from origin: http://localhost, IP: ::1
[2025-05-14 17:58:01] Session started with ID: l2neu1go9aipl10m6c96ckgl8k
[2025-05-14 17:58:01] Received JSON data: {"email":"quinto_christopher@plpasig.edu.ph","password":"Pass@1538"}
[2025-05-14 17:58:01] User found with email: quinto_christopher@plpasig.edu.ph, User ID: 4
[2025-05-14 17:58:01] Account is activated for user: Christopher Quinto
[2025-05-14 17:58:01] Login failed: Incorrect password for email: quinto_christopher@plpasig.edu.ph
[2025-05-14 17:58:06] Received login request from origin: http://localhost, IP: ::1
[2025-05-14 17:58:06] Session started with ID: l2neu1go9aipl10m6c96ckgl8k
[2025-05-14 17:58:06] Received JSON data: {"email":"quinto_christopher@plpasig.edu.ph","password":"Pass@1538"}
[2025-05-14 17:58:06] User found with email: quinto_christopher@plpasig.edu.ph, User ID: 4
[2025-05-14 17:58:06] Account is activated for user: Christopher Quinto
[2025-05-14 17:58:06] Login failed: Incorrect password for email: quinto_christopher@plpasig.edu.ph
[2025-05-14 17:58:38] Received login request from origin: http://localhost, IP: ::1
[2025-05-14 17:58:38] Session started with ID: l2neu1go9aipl10m6c96ckgl8k
[2025-05-14 17:58:38] Received JSON data: {"email":"quinto_christopher@plpasig.edu.ph","password":"Pass@1538"}
[2025-05-14 17:58:38] User found with email: quinto_christopher@plpasig.edu.ph, User ID: 4
[2025-05-14 17:58:38] Login failed: Account deactivated for email: quinto_christopher@plpasig.edu.ph, Username: Christopher Quinto
[2025-05-14 17:59:04] Received login request from origin: http://localhost, IP: ::1
[2025-05-14 17:59:04] Session started with ID: l2neu1go9aipl10m6c96ckgl8k
[2025-05-14 17:59:04] Received JSON data: {"email":"super_admin@gmail.com","password":"Pass@SUPERADMIN1538"}
[2025-05-14 17:59:04] User found with email: super_admin@gmail.com, User ID: 17
[2025-05-14 17:59:04] Account is activated for user: Super Admin
[2025-05-14 17:59:04] Login successful for user: Super Admin. Session variables set.
[2025-05-14 17:59:33] Received login request from origin: http://localhost, IP: ::1
[2025-05-14 17:59:33] Session started with ID: l2neu1go9aipl10m6c96ckgl8k
[2025-05-14 17:59:33] Received JSON data: {"email":"quinto_christopher@plpasig.edu.ph","password":"Pass@1538"}
[2025-05-14 17:59:33] User found with email: quinto_christopher@plpasig.edu.ph, User ID: 4
[2025-05-14 17:59:33] Account is activated for user: Christopher Quinto
[2025-05-14 17:59:33] Login failed: Incorrect password for email: quinto_christopher@plpasig.edu.ph
[2025-05-14 17:59:34] Received login request from origin: http://localhost, IP: ::1
[2025-05-14 17:59:34] Session started with ID: l2neu1go9aipl10m6c96ckgl8k
[2025-05-14 17:59:34] Received JSON data: {"email":"quinto_christopher@plpasig.edu.ph","password":"Pass@1538"}
[2025-05-14 17:59:34] User found with email: quinto_christopher@plpasig.edu.ph, User ID: 4
[2025-05-14 17:59:34] Account is activated for user: Christopher Quinto
[2025-05-14 17:59:34] Login failed: Incorrect password for email: quinto_christopher@plpasig.edu.ph
[2025-05-14 17:59:47] Received login request from origin: http://localhost, IP: ::1
[2025-05-14 17:59:47] Session started with ID: l2neu1go9aipl10m6c96ckgl8k
[2025-05-14 17:59:47] Received JSON data: {"email":"quinto_christopher@plpasig.edu.ph","password":"$2y$10$YcVpXYRW8Cs3b2C.U\/Pdr.kOtZdF5HPn.vsZtjrN2gSN7u6ZKIUhm"}
[2025-05-14 17:59:47] User found with email: quinto_christopher@plpasig.edu.ph, User ID: 4
[2025-05-14 17:59:47] Account is activated for user: Christopher Quinto
[2025-05-14 17:59:47] Login successful for user: Christopher Quinto. Session variables set.
[2025-05-14 18:07:12] Received login request from origin: http://localhost, IP: ::1
[2025-05-14 18:07:12] Session started with ID: l2neu1go9aipl10m6c96ckgl8k
[2025-05-14 18:07:12] Received JSON data: {"email":"quinto_christopher@plpasig.edu.ph","password":"Pass@1538"}
[2025-05-14 18:07:12] User found with email: quinto_christopher@plpasig.edu.ph, User ID: 4
[2025-05-14 18:07:12] Account is activated for user: Christopher Quinto
[2025-05-14 18:07:12] Login failed: Incorrect password for email: quinto_christopher@plpasig.edu.ph
[2025-05-14 18:08:17] Received login request from origin: http://localhost, IP: ::1
[2025-05-14 18:08:17] Session started with ID: l2neu1go9aipl10m6c96ckgl8k
[2025-05-14 18:08:17] Received JSON data: {"email":"quinto_christopher@plpasig.edu.ph","password":"Pass@1538"}
[2025-05-14 18:08:17] User found with email: quinto_christopher@plpasig.edu.ph, User ID: 4
[2025-05-14 18:08:17] Account is activated for user: Christopher Quinto
[2025-05-14 18:08:17] Login failed: Incorrect password for email: quinto_christopher@plpasig.edu.ph
[2025-05-14 18:08:45] Received login request from origin: http://localhost, IP: ::1
[2025-05-14 18:08:45] Session started with ID: l2neu1go9aipl10m6c96ckgl8k
[2025-05-14 18:08:45] Received JSON data: {"email":"quinto_christopher@plpasig.edu.ph","password":"Pass@1538"}
[2025-05-14 18:08:45] User found with email: quinto_christopher@plpasig.edu.ph, User ID: 4
[2025-05-14 18:08:45] Account is activated for user: Christopher Quinto
[2025-05-14 18:08:45] Login successful for user: Christopher Quinto. Session variables set.
[2025-05-14 18:11:57] Received login request from origin: http://localhost, IP: ::1
[2025-05-14 18:11:57] Session started with ID: l2neu1go9aipl10m6c96ckgl8k
[2025-05-14 18:11:57] Received JSON data: {"email":"quinto_christopher@plpasig.edu.ph","password":"Pass@1538"}
[2025-05-14 18:11:57] User found with email: quinto_christopher@plpasig.edu.ph, User ID: 4
[2025-05-14 18:11:57] Login failed: Account deactivated for email: quinto_christopher@plpasig.edu.ph, Username: Christopher Quinto
[2025-05-14 18:12:12] Received login request from origin: http://localhost, IP: ::1
[2025-05-14 18:12:12] Session started with ID: l2neu1go9aipl10m6c96ckgl8k
[2025-05-14 18:12:12] Received JSON data: {"email":"quinto_christopher@plpasig.edu.ph","password":"Pass@1538"}
[2025-05-14 18:12:12] User found with email: quinto_christopher@plpasig.edu.ph, User ID: 4
[2025-05-14 18:12:12] Account is activated for user: Christopher Quinto
[2025-05-14 18:12:13] Login failed: Incorrect password for email: quinto_christopher@plpasig.edu.ph
[2025-05-14 18:23:13] Received login request from origin: http://localhost, IP: ::1
[2025-05-14 18:23:13] Session started with ID: l2neu1go9aipl10m6c96ckgl8k
[2025-05-14 18:23:13] Received JSON data: {"email":"quinto_christopher@plpasig.edu.ph","password":"PAsspass"}
[2025-05-14 18:23:13] User found with email: quinto_christopher@plpasig.edu.ph, User ID: 4
[2025-05-14 18:23:13] Login failed: Account deactivated for email: quinto_christopher@plpasig.edu.ph, Username: Christopher Quinto
[2025-05-14 18:23:27] Received login request from origin: http://localhost, IP: ::1
[2025-05-14 18:23:27] Session started with ID: l2neu1go9aipl10m6c96ckgl8k
[2025-05-14 18:23:27] Received JSON data: {"email":"quinto_christopher@plpasig.edu.ph","password":"PAsspass"}
[2025-05-14 18:23:27] User found with email: quinto_christopher@plpasig.edu.ph, User ID: 4
[2025-05-14 18:23:27] Account is activated for user: Christopher Quinto
[2025-05-14 18:23:27] Login failed: Incorrect password for email: quinto_christopher@plpasig.edu.ph
[2025-05-14 18:23:33] Received login request from origin: http://localhost, IP: ::1
[2025-05-14 18:23:33] Session started with ID: l2neu1go9aipl10m6c96ckgl8k
[2025-05-14 18:23:33] Received JSON data: {"email":"quinto_christopher@plpasig.edu.ph","password":"Passpass"}
[2025-05-14 18:23:33] User found with email: quinto_christopher@plpasig.edu.ph, User ID: 4
[2025-05-14 18:23:33] Account is activated for user: Christopher Quinto
[2025-05-14 18:23:33] Login successful for user: Christopher Quinto. Session variables set.
[2025-05-14 19:16:32] Received login request from origin: http://localhost, IP: ::1
[2025-05-14 19:16:32] Session started with ID: tmqjirm24crs65rahkkgtljil6
[2025-05-14 19:16:32] Received JSON data: {"email":"quinto_christopher@plpasig.edu.ph","password":"Pass@1538"}
[2025-05-14 19:16:32] User found with email: quinto_christopher@plpasig.edu.ph, User ID: 4
[2025-05-14 19:16:32] Account is activated for user: Christopher Quinto
[2025-05-14 19:16:32] Login failed: Incorrect password for email: quinto_christopher@plpasig.edu.ph
[2025-05-14 19:16:48] Received login request from origin: http://localhost, IP: ::1
[2025-05-14 19:16:48] Session started with ID: tmqjirm24crs65rahkkgtljil6
[2025-05-14 19:16:48] Received JSON data: {"email":"quinto_christopher@plpasig.edu.ph","password":"Passpass"}
[2025-05-14 19:16:48] User found with email: quinto_christopher@plpasig.edu.ph, User ID: 4
[2025-05-14 19:16:48] Account is activated for user: Christopher Quinto
[2025-05-14 19:16:48] Login successful for user: Christopher Quinto. Session variables set.
[2025-05-14 19:17:13] Received login request from origin: http://localhost, IP: ::1
[2025-05-14 19:17:13] Session started with ID: tmqjirm24crs65rahkkgtljil6
[2025-05-14 19:17:13] Received JSON data: {"email":"quinto_christopher@plpasig.edu.ph","password":"Pass@1538"}
[2025-05-14 19:17:13] User found with email: quinto_christopher@plpasig.edu.ph, User ID: 4
[2025-05-14 19:17:13] Login failed: Account deactivated for email: quinto_christopher@plpasig.edu.ph, Username: Christopher Quinto
[2025-05-14 19:17:49] Received login request from origin: http://localhost, IP: ::1
[2025-05-14 19:17:49] Session started with ID: tmqjirm24crs65rahkkgtljil6
[2025-05-14 19:17:49] Received JSON data: {"email":"quinto_christopher@plpasig.edu.ph","password":"Pass@1538"}
[2025-05-14 19:17:49] User found with email: quinto_christopher@plpasig.edu.ph, User ID: 4
[2025-05-14 19:17:49] Account is activated for user: Christopher Quinto
[2025-05-14 19:17:49] Login successful for user: Christopher Quinto. Session variables set.
[2025-05-14 21:41:06] Received login request from origin: http://localhost, IP: ::1
[2025-05-14 21:41:06] Session started with ID: tmqjirm24crs65rahkkgtljil6
[2025-05-14 21:41:06] Received JSON data: {"email":"super_admin@gmail.com","password":"Pass@SUPERADMIN1538"}
[2025-05-14 21:41:06] User found with email: super_admin@gmail.com, User ID: 17
[2025-05-14 21:41:06] Account is activated for user: Super Admin
[2025-05-14 21:41:06] Login successful for user: Super Admin. Session variables set.
[2025-05-15 01:19:53] Received login request from origin: http://localhost, IP: ::1
[2025-05-15 01:19:53] Session started with ID: 1ahc9qaghi62a62u3j133nq2ne
[2025-05-15 01:19:53] Received JSON data: {"email":"quinto_christopher@plpasig.edu.ph","password":"Passs@1538"}
[2025-05-15 01:19:53] User found with email: quinto_christopher@plpasig.edu.ph, User ID: 4
[2025-05-15 01:19:53] Account is activated for user: Christopher Quinto
[2025-05-15 01:19:53] Login failed: Incorrect password for email: quinto_christopher@plpasig.edu.ph
[2025-05-15 01:19:58] Received login request from origin: http://localhost, IP: ::1
[2025-05-15 01:19:58] Session started with ID: 1ahc9qaghi62a62u3j133nq2ne
[2025-05-15 01:19:58] Received JSON data: {"email":"quinto_christopher@plpasig.edu.ph","password":"Passpass"}
[2025-05-15 01:19:58] User found with email: quinto_christopher@plpasig.edu.ph, User ID: 4
[2025-05-15 01:19:58] Account is activated for user: Christopher Quinto
[2025-05-15 01:19:58] Login failed: Incorrect password for email: quinto_christopher@plpasig.edu.ph
[2025-05-15 01:20:05] Received login request from origin: http://localhost, IP: ::1
[2025-05-15 01:20:05] Session started with ID: 1ahc9qaghi62a62u3j133nq2ne
[2025-05-15 01:20:05] Received JSON data: {"email":"quinto_christopher@plpasig.edu.ph","password":"Pass@1538"}
[2025-05-15 01:20:05] User found with email: quinto_christopher@plpasig.edu.ph, User ID: 4
[2025-05-15 01:20:05] Account is activated for user: Christopher Quinto
[2025-05-15 01:20:05] Login successful for user: Christopher Quinto. Session variables set.
[2025-05-15 03:13:55] Received login request from origin: http://localhost, IP: ::1
[2025-05-15 03:13:55] Session started with ID: 1ahc9qaghi62a62u3j133nq2ne
[2025-05-15 03:13:55] Received JSON data: {"email":"quinto_christopher@plpasig.edu.ph","password":"Pass@1538"}
[2025-05-15 03:13:55] User found with email: quinto_christopher@plpasig.edu.ph, User ID: 4
[2025-05-15 03:13:55] Account is activated for user: Christopher Quinto
[2025-05-15 03:13:55] Login successful for user: Christopher Quinto. Session variables set.
[2025-05-15 04:26:27] Received login request from origin: http://localhost, IP: ::1
[2025-05-15 04:26:27] Session started with ID: 1ahc9qaghi62a62u3j133nq2ne
[2025-05-15 04:26:27] Received JSON data: {"email":"super_admin@gmail.com","password":"Pass@SUPERADMIN1538"}
[2025-05-15 04:26:27] User found with email: super_admin@gmail.com, User ID: 17
[2025-05-15 04:26:27] Account is activated for user: Super Admin
[2025-05-15 04:26:27] Login successful for user: Super Admin. Session variables set.
[2025-05-15 04:27:38] Received login request from origin: http://localhost, IP: ::1
[2025-05-15 04:27:38] Session started with ID: 1ahc9qaghi62a62u3j133nq2ne
[2025-05-15 04:27:38] Received JSON data: {"email":"super_admin@gmail.com","password":"Pass@1538"}
[2025-05-15 04:27:38] User found with email: super_admin@gmail.com, User ID: 17
[2025-05-15 04:27:38] Account is activated for user: Super Admin
[2025-05-15 04:27:39] Login failed: Incorrect password for email: super_admin@gmail.com
[2025-05-15 04:27:46] Received login request from origin: http://localhost, IP: ::1
[2025-05-15 04:27:46] Session started with ID: 1ahc9qaghi62a62u3j133nq2ne
[2025-05-15 04:27:46] Received JSON data: {"email":"super_admin@gmail.com","password":"Pass@SUPERADMIN1538"}
[2025-05-15 04:27:46] User found with email: super_admin@gmail.com, User ID: 17
[2025-05-15 04:27:46] Account is activated for user: Super Admin
[2025-05-15 04:27:46] Login successful for user: Super Admin. Session variables set.
[2025-05-15 04:56:23] Received login request from origin: http://localhost, IP: ::1
[2025-05-15 04:56:23] Session started with ID: 1ahc9qaghi62a62u3j133nq2ne
[2025-05-15 04:56:23] Received JSON data: {"email":"super_admin@gmail.com","password":"Pass@SUPERADMIN1538"}
[2025-05-15 04:56:23] User found with email: super_admin@gmail.com, User ID: 17
[2025-05-15 04:56:23] Account is activated for user: Super Admin
[2025-05-15 04:56:23] Login successful for user: Super Admin. Session variables set.
[2025-05-15 05:53:27] Received login request from origin: http://localhost, IP: ::1
[2025-05-15 05:53:27] Session started with ID: 1ahc9qaghi62a62u3j133nq2ne
[2025-05-15 05:53:27] Received JSON data: {"email":"quinto_christopher@plpasig.edu.ph","password":"Pass@1538"}
[2025-05-15 05:53:27] User found with email: quinto_christopher@plpasig.edu.ph, User ID: 4
[2025-05-15 05:53:27] Login failed: Account deactivated for email: quinto_christopher@plpasig.edu.ph, Username: Christopher Quinto
[2025-05-15 05:53:54] Received login request from origin: http://localhost, IP: ::1
[2025-05-15 05:53:54] Session started with ID: 1ahc9qaghi62a62u3j133nq2ne
[2025-05-15 05:53:54] Received JSON data: {"email":"quinto_christopher@plpasig.edu.ph","password":"Pass@1538"}
[2025-05-15 05:53:54] User found with email: quinto_christopher@plpasig.edu.ph, User ID: 4
[2025-05-15 05:53:54] Account is activated for user: Christopher Quinto
[2025-05-15 05:53:54] Login successful for user: Christopher Quinto. Session variables set.
[2025-05-15 07:01:41] Received login request from origin: http://localhost, IP: ::1
[2025-05-15 07:01:41] Session started with ID: 1ahc9qaghi62a62u3j133nq2ne
[2025-05-15 07:01:41] Received JSON data: {"email":"quinto_christopher@plpasig.edu.ph","password":"Pass@1538"}
[2025-05-15 07:01:41] User found with email: quinto_christopher@plpasig.edu.ph, User ID: 4
[2025-05-15 07:01:41] Account is activated for user: Christopher Quinto
[2025-05-15 07:01:41] Login successful for user: Christopher Quinto. Session variables set.
[2025-05-15 09:51:24] Received login request from origin: http://localhost, IP: ::1
[2025-05-15 09:51:24] Session started with ID: ktemh1m206o0u50lvkuccjit6h
[2025-05-15 09:51:24] Received JSON data: {"email":"quinto_christopher@plpasig.edu.pg","password":"Pass@1538"}
[2025-05-15 09:51:24] Login failed: Invalid email: quinto_christopher@plpasig.edu.pg
[2025-05-15 09:51:31] Received login request from origin: http://localhost, IP: ::1
[2025-05-15 09:51:31] Session started with ID: ktemh1m206o0u50lvkuccjit6h
[2025-05-15 09:51:31] Received JSON data: {"email":"quinto_christopher@plpasig.edu.ph","password":"Pass@1538"}
[2025-05-15 09:51:31] User found with email: quinto_christopher@plpasig.edu.ph, User ID: 4
[2025-05-15 09:51:31] Account is activated for user: Christopher Quinto
[2025-05-15 09:51:31] Login successful for user: Christopher Quinto. Session variables set.
[2025-05-16 14:14:17] Received login request from origin: http://localhost, IP: ::1
[2025-05-16 14:14:17] Session started with ID: j3tp88johfk04feakhup60adl9
[2025-05-16 14:14:17] Received JSON data: {"email":"quinto_christopher@plpasig.edu.ph","password":"Pass@1538"}
[2025-05-16 14:14:17] User found with email: quinto_christopher@plpasig.edu.ph, User ID: 4
[2025-05-16 14:14:17] Account is activated for user: Christopher Quinto
[2025-05-16 14:14:17] Login successful for user: Christopher Quinto. Session variables set.
[2025-05-16 14:23:42] Received login request from origin: http://localhost, IP: ::1
[2025-05-16 14:23:42] Session started with ID: j3tp88johfk04feakhup60adl9
[2025-05-16 14:23:42] Received JSON data: {"email":"super_admin@gmail.com","password":"Pass@1538"}
[2025-05-16 14:23:42] User found with email: super_admin@gmail.com, User ID: 17
[2025-05-16 14:23:42] Account is activated for user: Super Admin
[2025-05-16 14:23:42] Login failed: Incorrect password for email: super_admin@gmail.com
[2025-05-16 14:23:51] Received login request from origin: http://localhost, IP: ::1
[2025-05-16 14:23:51] Session started with ID: j3tp88johfk04feakhup60adl9
[2025-05-16 14:23:51] Received JSON data: {"email":"super_admin@gmail.com","password":"Pass@SUPERADMIN1538"}
[2025-05-16 14:23:51] User found with email: super_admin@gmail.com, User ID: 17
[2025-05-16 14:23:51] Account is activated for user: Super Admin
[2025-05-16 14:23:52] Login successful for user: Super Admin. Session variables set.
[2025-05-16 19:23:13] Received login request from origin: http://localhost, IP: ::1
[2025-05-16 19:23:13] Session started with ID: j3tp88johfk04feakhup60adl9
[2025-05-16 19:23:13] Received JSON data: {"email":"super_admin@gmail.com","password":"Pass@SUPERADMIN1538"}
[2025-05-16 19:23:13] User found with email: super_admin@gmail.com, User ID: 17
[2025-05-16 19:23:13] Account is activated for user: Super Admin
[2025-05-16 19:23:13] Login successful for user: Super Admin. Session variables set.
[2025-05-16 22:03:11] Received login request from origin: http://localhost, IP: ::1
[2025-05-16 22:03:11] Session started with ID: j3tp88johfk04feakhup60adl9
[2025-05-16 22:03:11] Received JSON data: {"email":"quinto_christopher@plpasig.edu.ph","password":"Pass@1538"}
[2025-05-16 22:03:11] User found with email: quinto_christopher@plpasig.edu.ph, User ID: 25
[2025-05-16 22:03:11] Account is activated for user: Christopher Quinto
[2025-05-16 22:03:11] Login successful for user: Christopher Quinto. Session variables set.
[2025-05-16 23:29:18] Received login request from origin: http://localhost, IP: ::1
[2025-05-16 23:29:18] Session started with ID: pcoppnsts874nogni4p8mcvusm
[2025-05-16 23:29:18] Received JSON data: {"email":"quinto_christopher@plpasig.edu.ph","password":"Pass@1538"}
[2025-05-16 23:29:18] User found with email: quinto_christopher@plpasig.edu.ph, User ID: 25
[2025-05-16 23:29:18] Account is activated for user: Christopher Quinto
[2025-05-16 23:29:18] Login successful for user: Christopher Quinto. Session variables set.
[2025-05-17 00:01:07] Received login request from origin: http://localhost, IP: ::1
[2025-05-17 00:01:07] Session started with ID: pcoppnsts874nogni4p8mcvusm
[2025-05-17 00:01:07] Received JSON data: {"email":"quinto_christopher@plpasig.edu.ph","password":"Pass@1538"}
[2025-05-17 00:01:07] User found with email: quinto_christopher@plpasig.edu.ph, User ID: 25
[2025-05-17 00:01:07] Account is activated for user: Christopher Quinto
[2025-05-17 00:01:07] Login successful for user: Christopher Quinto. Session variables set.
[2025-05-17 00:06:38] Received login request from origin: http://localhost, IP: ::1
[2025-05-17 00:06:38] Session started with ID: pcoppnsts874nogni4p8mcvusm
[2025-05-17 00:06:38] Received JSON data: {"email":"quinto_christopher@plpasig.edu.ph","password":"Pass@1538"}
[2025-05-17 00:06:38] User found with email: quinto_christopher@plpasig.edu.ph, User ID: 25
[2025-05-17 00:06:38] Account is activated for user: Christopher Quinto
[2025-05-17 00:06:38] Login successful for user: Christopher Quinto. Session variables set.
[2025-05-17 00:09:33] Received login request from origin: http://localhost, IP: ::1
[2025-05-17 00:09:33] Session started with ID: j3tp88johfk04feakhup60adl9
[2025-05-17 00:09:33] Received JSON data: {"email":"super_admin@gmail.com","password":"Pass@SUPERADMIN1538"}
[2025-05-17 00:09:33] User found with email: super_admin@gmail.com, User ID: 17
[2025-05-17 00:09:33] Account is activated for user: Super Admin
[2025-05-17 00:09:33] Login successful for user: Super Admin. Session variables set.
[2025-05-17 04:06:27] Received login request from origin: http://localhost, IP: ::1
[2025-05-17 04:06:27] Session started with ID: 8ubf3k6hnfnvp2lr9urtblrq2e
[2025-05-17 04:06:27] Received JSON data: {"email":"super_admin@gmail.com","password":"Pass@SUPERADMIN1538"}
[2025-05-17 04:06:27] User found with email: super_admin@gmail.com, User ID: 17
[2025-05-17 04:06:27] Account is activated for user: Super Admin
[2025-05-17 04:06:27] Login successful for user: Super Admin. Session variables set.
[2025-05-17 04:07:17] Received login request from origin: http://localhost, IP: ::1
[2025-05-17 04:07:17] Session started with ID: 8ubf3k6hnfnvp2lr9urtblrq2e
[2025-05-17 04:07:17] Received JSON data: {"email":"quinto_christopher@plpasig.edu.ph","password":"Pass@1538"}
[2025-05-17 04:07:17] User found with email: quinto_christopher@plpasig.edu.ph, User ID: 25
[2025-05-17 04:07:17] Account is activated for user: Christopher Quinto
[2025-05-17 04:07:17] Login successful for user: Christopher Quinto. Session variables set.
[2025-05-17 04:07:49] Received login request from origin: http://localhost, IP: ::1
[2025-05-17 04:07:49] Session started with ID: 8ubf3k6hnfnvp2lr9urtblrq2e
[2025-05-17 04:07:49] Received JSON data: {"email":"super_admin@gmail.com","password":"Pass@1538"}
[2025-05-17 04:07:49] User found with email: super_admin@gmail.com, User ID: 17
[2025-05-17 04:07:49] Account is activated for user: Super Admin
[2025-05-17 04:07:49] Login failed: Incorrect password for email: super_admin@gmail.com
[2025-05-17 04:08:05] Received login request from origin: http://localhost, IP: ::1
[2025-05-17 04:08:05] Session started with ID: 8ubf3k6hnfnvp2lr9urtblrq2e
[2025-05-17 04:08:05] Received JSON data: {"email":"super_admin@gmail.com","password":"Pass@SUPERADMIN1538"}
[2025-05-17 04:08:05] User found with email: super_admin@gmail.com, User ID: 17
[2025-05-17 04:08:05] Account is activated for user: Super Admin
[2025-05-17 04:08:05] Login successful for user: Super Admin. Session variables set.
[2025-05-17 04:17:22] Received login request from origin: http://localhost, IP: ::1
[2025-05-17 04:17:22] Session started with ID: 8ubf3k6hnfnvp2lr9urtblrq2e
[2025-05-17 04:17:22] Received JSON data: {"email":"super_admin@gmail.com","password":"Pass@SUPERADMIN1538"}
[2025-05-17 04:17:22] User found with email: super_admin@gmail.com, User ID: 17
[2025-05-17 04:17:22] Account is activated for user: Super Admin
[2025-05-17 04:17:22] Login successful for user: Super Admin. Session variables set.
[2025-05-17 04:26:01] Received login request from origin: http://localhost, IP: ::1
[2025-05-17 04:26:01] Session started with ID: 8ubf3k6hnfnvp2lr9urtblrq2e
[2025-05-17 04:26:01] Received JSON data: {"email":"quinto_christopher@plpasig.edu.ph","password":"Pass@1539"}
[2025-05-17 04:26:01] User found with email: quinto_christopher@plpasig.edu.ph, User ID: 25
[2025-05-17 04:26:01] Account is activated for user: Christopher Quinto
[2025-05-17 04:26:01] Login successful for user: Christopher Quinto. Session variables set.
[2025-05-17 05:19:16] Received login request from origin: http://localhost, IP: ::1
[2025-05-17 05:19:16] Session started with ID: 8ubf3k6hnfnvp2lr9urtblrq2e
[2025-05-17 05:19:16] Received JSON data: {"email":"super_admin@gmail.com","password":"Pass@SUPERADMIN1538"}
[2025-05-17 05:19:16] User found with email: super_admin@gmail.com, User ID: 17
[2025-05-17 05:19:16] Account is activated for user: Super Admin
[2025-05-17 05:19:16] Login successful for user: Super Admin. Session variables set.
[2025-05-17 20:27:22] Received login request from origin: http://localhost, IP: ::1
[2025-05-17 20:27:22] Session started with ID: n2v8fnv0rd3cs4jfhvt39aaeot
[2025-05-17 20:27:22] Received JSON data: {"email":"super_admin@gmail.com","password":"Pass@SUPERADMIN"}
[2025-05-17 20:27:22] User found with email: super_admin@gmail.com, User ID: 17
[2025-05-17 20:27:22] Account is activated for user: Super Admin
[2025-05-17 20:27:22] Login failed: Incorrect password for email: super_admin@gmail.com
[2025-05-17 20:27:26] Received login request from origin: http://localhost, IP: ::1
[2025-05-17 20:27:26] Session started with ID: n2v8fnv0rd3cs4jfhvt39aaeot
[2025-05-17 20:27:26] Received JSON data: {"email":"super_admin@gmail.com","password":"Pass@SUPERADMIN1538"}
[2025-05-17 20:27:26] User found with email: super_admin@gmail.com, User ID: 17
[2025-05-17 20:27:26] Account is activated for user: Super Admin
[2025-05-17 20:27:26] Login successful for user: Super Admin. Session variables set.
[2025-05-17 20:31:51] Received login request from origin: http://localhost, IP: ::1
[2025-05-17 20:31:51] Session started with ID: n2v8fnv0rd3cs4jfhvt39aaeot
[2025-05-17 20:31:51] Received JSON data: {"email":"jose_rizal@gmail.com","password":"Pass@1538"}
[2025-05-17 20:31:51] Login failed: Invalid email: jose_rizal@gmail.com
[2025-05-17 20:32:05] Received login request from origin: http://localhost, IP: ::1
[2025-05-17 20:32:05] Session started with ID: n2v8fnv0rd3cs4jfhvt39aaeot
[2025-05-17 20:32:05] Received JSON data: {"email":"rizal_jose@gmail.com","password":"Pass@1538"}
[2025-05-17 20:32:05] User found with email: rizal_jose@gmail.com, User ID: 26
[2025-05-17 20:32:05] Account is activated for user: Jose Rizal
[2025-05-17 20:32:05] Login failed: Incorrect password for email: rizal_jose@gmail.com
[2025-05-17 20:32:13] Received login request from origin: http://localhost, IP: ::1
[2025-05-17 20:32:13] Session started with ID: n2v8fnv0rd3cs4jfhvt39aaeot
[2025-05-17 20:32:13] Received JSON data: {"email":"rizal_jose@gmail.com","password":"Pass@1234"}
[2025-05-17 20:32:13] User found with email: rizal_jose@gmail.com, User ID: 26
[2025-05-17 20:32:13] Account is activated for user: Jose Rizal
[2025-05-17 20:32:13] Login successful for user: Jose Rizal. Session variables set.
[2025-05-17 20:33:02] Received login request from origin: http://localhost, IP: ::1
[2025-05-17 20:33:02] Session started with ID: n2v8fnv0rd3cs4jfhvt39aaeot
[2025-05-17 20:33:02] Received JSON data: {"email":"rizal_jose@gmail.com","password":"Pass@1234"}
[2025-05-17 20:33:02] User found with email: rizal_jose@gmail.com, User ID: 26
[2025-05-17 20:33:02] Login failed: Account deactivated for email: rizal_jose@gmail.com, Username: Jose Rizal
[2025-05-17 20:35:07] Received login request from origin: http://localhost, IP: ::1
[2025-05-17 20:35:07] Session started with ID: n2v8fnv0rd3cs4jfhvt39aaeot
[2025-05-17 20:35:07] Received JSON data: {"email":"super_admin@gmail.com","password":"pass@1234"}
[2025-05-17 20:35:07] User found with email: super_admin@gmail.com, User ID: 17
[2025-05-17 20:35:07] Account is activated for user: Super Admin
[2025-05-17 20:35:07] Login failed: Incorrect password for email: super_admin@gmail.com
[2025-05-17 20:35:20] Received login request from origin: http://localhost, IP: ::1
[2025-05-17 20:35:20] Session started with ID: n2v8fnv0rd3cs4jfhvt39aaeot
[2025-05-17 20:35:20] Received JSON data: {"email":"super_admin@gmail.com","password":"Pass@SUPERADMIN1538"}
[2025-05-17 20:35:20] User found with email: super_admin@gmail.com, User ID: 17
[2025-05-17 20:35:20] Account is activated for user: Super Admin
[2025-05-17 20:35:20] Login successful for user: Super Admin. Session variables set.
[2025-05-17 21:02:31] Received login request from origin: http://localhost, IP: ::1
[2025-05-17 21:02:31] Session started with ID: n2v8fnv0rd3cs4jfhvt39aaeot
[2025-05-17 21:02:31] Received JSON data: {"email":"super_admin@gmail.com","password":"Pass@SUPERADMIN1538"}
[2025-05-17 21:02:31] User found with email: super_admin@gmail.com, User ID: 17
[2025-05-17 21:02:31] Account is activated for user: Super Admin
[2025-05-17 21:02:31] Login successful for user: Super Admin. Session variables set.
[2025-05-17 21:02:52] Received login request from origin: http://localhost, IP: ::1
[2025-05-17 21:02:52] Session started with ID: n2v8fnv0rd3cs4jfhvt39aaeot
[2025-05-17 21:02:52] Received JSON data: {"email":"quinto_christopher@plpasig.edu.ph","password":"Pass@153899"}
[2025-05-17 21:02:52] User found with email: quinto_christopher@plpasig.edu.ph, User ID: 25
[2025-05-17 21:02:52] Account is activated for user: Christopher Quinto
[2025-05-17 21:02:52] Login failed: Incorrect password for email: quinto_christopher@plpasig.edu.ph
[2025-05-17 21:02:58] Received login request from origin: http://localhost, IP: ::1
[2025-05-17 21:02:58] Session started with ID: n2v8fnv0rd3cs4jfhvt39aaeot
[2025-05-17 21:02:58] Received JSON data: {"email":"quinto_christopher@plpasig.edu.ph","password":"Pass@15399"}
[2025-05-17 21:02:58] User found with email: quinto_christopher@plpasig.edu.ph, User ID: 25
[2025-05-17 21:02:58] Account is activated for user: Christopher Quinto
[2025-05-17 21:02:58] Login successful for user: Christopher Quinto. Session variables set.
[2025-05-17 21:04:57] Received login request from origin: http://localhost, IP: ::1
[2025-05-17 21:04:57] Session started with ID: n2v8fnv0rd3cs4jfhvt39aaeot
[2025-05-17 21:04:57] Received JSON data: {"email":"super_admin@gmail.com","password":"Pass@SUPERADMIN1538"}
[2025-05-17 21:04:57] User found with email: super_admin@gmail.com, User ID: 17
[2025-05-17 21:04:57] Account is activated for user: Super Admin
[2025-05-17 21:04:57] Login successful for user: Super Admin. Session variables set.
[2025-05-17 21:05:40] Received login request from origin: http://localhost, IP: ::1
[2025-05-17 21:05:40] Session started with ID: n2v8fnv0rd3cs4jfhvt39aaeot
[2025-05-17 21:05:40] Received JSON data: {"email":"quinto_christopher@plpasig.edu.ph","password":"Pass@15399"}
[2025-05-17 21:05:40] User found with email: quinto_christopher@plpasig.edu.ph, User ID: 25
[2025-05-17 21:05:40] Account is activated for user: Christopher Quinto
[2025-05-17 21:05:40] Login successful for user: Christopher Quinto. Session variables set.
[2025-05-17 21:07:51] Received login request from origin: http://localhost, IP: ::1
[2025-05-17 21:07:51] Session started with ID: n2v8fnv0rd3cs4jfhvt39aaeot
[2025-05-17 21:07:51] Received JSON data: {"email":"quinto_christopher@plpasig.edu.ph","password":"Pass@1234"}
[2025-05-17 21:07:51] User found with email: quinto_christopher@plpasig.edu.ph, User ID: 25
[2025-05-17 21:07:51] Account is activated for user: Christopher Quinto
[2025-05-17 21:07:51] Login failed: Incorrect password for email: quinto_christopher@plpasig.edu.ph
[2025-05-17 21:07:58] Received login request from origin: http://localhost, IP: ::1
[2025-05-17 21:07:58] Session started with ID: n2v8fnv0rd3cs4jfhvt39aaeot
[2025-05-17 21:07:58] Received JSON data: {"email":"quinto_christopher@plpasig.edu.ph","password":"Pass@1538"}
[2025-05-17 21:07:58] User found with email: quinto_christopher@plpasig.edu.ph, User ID: 25
[2025-05-17 21:07:58] Account is activated for user: Christopher Quinto
[2025-05-17 21:07:58] Login failed: Incorrect password for email: quinto_christopher@plpasig.edu.ph
[2025-05-17 21:08:03] Received login request from origin: http://localhost, IP: ::1
[2025-05-17 21:08:03] Session started with ID: n2v8fnv0rd3cs4jfhvt39aaeot
[2025-05-17 21:08:03] Received JSON data: {"email":"quinto_christopher@plpasig.edu.ph","password":"Pass@15399"}
[2025-05-17 21:08:03] User found with email: quinto_christopher@plpasig.edu.ph, User ID: 25
[2025-05-17 21:08:03] Account is activated for user: Christopher Quinto
[2025-05-17 21:08:03] Login successful for user: Christopher Quinto. Session variables set.
[2025-05-18 01:15:46] Received login request from origin: http://localhost, IP: ::1
[2025-05-18 01:15:46] Session started with ID: jirk9o52ekshnc4d411ds6fvk4
[2025-05-18 01:15:46] Received JSON data: {"email":"quinto_christopher@plpasig.edu.ph","password":"Pass@15399"}
[2025-05-18 01:15:46] User found with email: quinto_christopher@plpasig.edu.ph, User ID: 25
[2025-05-18 01:15:46] Account is activated for user: Christopher Quinto
[2025-05-18 01:15:46] Login successful for user: Christopher Quinto. Session variables set.
[2025-05-18 01:21:38] Received login request from origin: http://localhost, IP: ::1
[2025-05-18 01:21:38] Session started with ID: jirk9o52ekshnc4d411ds6fvk4
[2025-05-18 01:21:38] Received JSON data: {"email":"super_admin@gmail.com","password":"Pass@SUPERADMIN1538"}
[2025-05-18 01:21:38] User found with email: super_admin@gmail.com, User ID: 17
[2025-05-18 01:21:38] Account is activated for user: Super Admin
[2025-05-18 01:21:38] Login successful for user: Super Admin. Session variables set.
[2025-05-18 01:49:49] Received login request from origin: http://localhost, IP: ::1
[2025-05-18 01:49:49] Session started with ID: jirk9o52ekshnc4d411ds6fvk4
[2025-05-18 01:49:49] Received JSON data: {"email":"super_admin@gmail.com","password":"Pass@SUPERADMIN1538"}
[2025-05-18 01:49:49] User found with email: super_admin@gmail.com, User ID: 17
[2025-05-18 01:49:49] Account is activated for user: Super Admin
[2025-05-18 01:49:49] Login successful for user: Super Admin. Session variables set.
[2025-05-18 02:17:47] Received login request from origin: http://localhost, IP: ::1
[2025-05-18 02:17:47] Session started with ID: jirk9o52ekshnc4d411ds6fvk4
[2025-05-18 02:17:47] Received JSON data: {"email":"super_admin@gmail.com","password":"Pass@SUPERADMIN1538"}
[2025-05-18 02:17:47] User found with email: super_admin@gmail.com, User ID: 17
[2025-05-18 02:17:47] Account is activated for user: Super Admin
[2025-05-18 02:17:47] Login successful for user: Super Admin. Session variables set.
[2025-05-18 02:42:30] Received login request from origin: http://localhost, IP: ::1
[2025-05-18 02:42:30] Session started with ID: q660q7qs3mppemnjfet811g9mq
[2025-05-18 02:42:30] Received JSON data: {"email":"quinto_christopher@plpasig.edu.ph","password":"Pass@15399"}
[2025-05-18 02:42:30] User found with email: quinto_christopher@plpasig.edu.ph, User ID: 25
[2025-05-18 02:42:30] Account is activated for user: Christopher Quinto
[2025-05-18 02:42:30] Login successful for user: Christopher Quinto. Session variables set.
[2025-05-18 02:42:47] Received login request from origin: http://localhost, IP: ::1
[2025-05-18 02:42:47] Session started with ID: q660q7qs3mppemnjfet811g9mq
[2025-05-18 02:42:47] Received JSON data: {"email":"delacruz_juan@plpasig.edu.ph","password":"Pass@1538"}
[2025-05-18 02:42:47] User found with email: delacruz_juan@plpasig.edu.ph, User ID: 27
[2025-05-18 02:42:47] Account is activated for user: Juana Delacruz
[2025-05-18 02:42:47] Login successful for user: Juana Delacruz. Session variables set.
[2025-05-18 02:53:54] Received login request from origin: http://localhost, IP: ::1
[2025-05-18 02:53:54] Session started with ID: q660q7qs3mppemnjfet811g9mq
[2025-05-18 02:53:54] Received JSON data: {"email":"quinto_christopher@plpasig.edu.ph","password":"Pass@15399"}
[2025-05-18 02:53:54] User found with email: quinto_christopher@plpasig.edu.ph, User ID: 25
[2025-05-18 02:53:54] Account is activated for user: Christopher Quinto
[2025-05-18 02:53:54] Login successful for user: Christopher Quinto. Session variables set.
[2025-05-18 02:54:17] Received login request from origin: http://localhost, IP: ::1
[2025-05-18 02:54:17] Session started with ID: q660q7qs3mppemnjfet811g9mq
[2025-05-18 02:54:17] Received JSON data: {"email":"juan_delacruz@plpasig.edu.ph","password":"Pass@1538"}
[2025-05-18 02:54:17] Login failed: Invalid email: juan_delacruz@plpasig.edu.ph
[2025-05-18 02:54:26] Received login request from origin: http://localhost, IP: ::1
[2025-05-18 02:54:26] Session started with ID: q660q7qs3mppemnjfet811g9mq
[2025-05-18 02:54:26] Received JSON data: {"email":"delacruz_juan@plpasig.edu.ph","password":"Pass@1538"}
[2025-05-18 02:54:26] User found with email: delacruz_juan@plpasig.edu.ph, User ID: 27
[2025-05-18 02:54:26] Account is activated for user: Juana Delacruz
[2025-05-18 02:54:26] Login successful for user: Juana Delacruz. Session variables set.
[2025-05-18 03:06:34] Received login request from origin: http://localhost, IP: ::1
[2025-05-18 03:06:34] Session started with ID: q660q7qs3mppemnjfet811g9mq
[2025-05-18 03:06:34] Received JSON data: {"email":"quinto_christopher@plpasig.edu.ph","password":"Pass@15399"}
[2025-05-18 03:06:34] User found with email: quinto_christopher@plpasig.edu.ph, User ID: 25
[2025-05-18 03:06:34] Account is activated for user: Christopher Quinto
[2025-05-18 03:06:34] Login successful for user: Christopher Quinto. Session variables set.
[2025-05-18 03:06:50] Received login request from origin: http://localhost, IP: ::1
[2025-05-18 03:06:50] Session started with ID: q660q7qs3mppemnjfet811g9mq
[2025-05-18 03:06:50] Received JSON data: {"email":"delacruz_juan@gmail.com","password":"Pass@1538"}
[2025-05-18 03:06:50] Login failed: Invalid email: delacruz_juan@gmail.com
[2025-05-18 03:06:58] Received login request from origin: http://localhost, IP: ::1
[2025-05-18 03:06:58] Session started with ID: q660q7qs3mppemnjfet811g9mq
[2025-05-18 03:06:58] Received JSON data: {"email":"delacruz_juan@plpasig.edu.ph","password":"Pass@1538"}
[2025-05-18 03:06:58] User found with email: delacruz_juan@plpasig.edu.ph, User ID: 27
[2025-05-18 03:06:58] Account is activated for user: Juana Delacruz
[2025-05-18 03:06:58] Login successful for user: Juana Delacruz. Session variables set.
[2025-05-18 03:51:44] Received login request from origin: http://localhost, IP: ::1
[2025-05-18 03:51:44] Session started with ID: q660q7qs3mppemnjfet811g9mq
[2025-05-18 03:51:44] Received JSON data: {"email":"quinto_christopher@plpasig.edu.ph","password":"Pass@1538"}
[2025-05-18 03:51:44] User found with email: quinto_christopher@plpasig.edu.ph, User ID: 25
[2025-05-18 03:51:44] Account is activated for user: Christopher Quinto
[2025-05-18 03:51:44] Login successful for user: Christopher Quinto. Session variables set.
[2025-05-18 04:36:21] Received login request from origin: http://localhost, IP: ::1
[2025-05-18 04:36:21] Session started with ID: q660q7qs3mppemnjfet811g9mq
[2025-05-18 04:36:21] Received JSON data: {"email":"delacruz_juan@plpasig.edu.ph","password":"Pass@1538"}
[2025-05-18 04:36:21] User found with email: delacruz_juan@plpasig.edu.ph, User ID: 27
[2025-05-18 04:36:21] Account is activated for user: Juana Delacruz
[2025-05-18 04:36:21] Login successful for user: Juana Delacruz. Session variables set.
[2025-05-18 06:21:33] Received login request from origin: http://localhost, IP: ::1
[2025-05-18 06:21:33] Session started with ID: q660q7qs3mppemnjfet811g9mq
[2025-05-18 06:21:33] Received JSON data: {"email":"quinto_christopher@plpasig.edu.ph","password":"Pass@1538"}
[2025-05-18 06:21:33] User found with email: quinto_christopher@plpasig.edu.ph, User ID: 25
[2025-05-18 06:21:33] Account is activated for user: Christopher Quinto
[2025-05-18 06:21:33] Login successful for user: Christopher Quinto. Session variables set.
[2025-05-18 07:26:51] Received login request from origin: http://localhost, IP: ::1
[2025-05-18 07:26:51] Session started with ID: q660q7qs3mppemnjfet811g9mq
[2025-05-18 07:26:51] Received JSON data: {"email":"quinto_christopher@plpasig.edu.ph","password":"Pass@1538"}
[2025-05-18 07:26:51] User found with email: quinto_christopher@plpasig.edu.ph, User ID: 25
[2025-05-18 07:26:51] Account is activated for user: Christopher Quinto
[2025-05-18 07:26:51] Login successful for user: Christopher Quinto. Session variables set.
[2025-05-18 07:30:43] Received login request from origin: http://localhost, IP: ::1
[2025-05-18 07:30:43] Session started with ID: q660q7qs3mppemnjfet811g9mq
[2025-05-18 07:30:43] Received JSON data: {"email":"super_admin@gmail.com","password":"Pass@SUPERADMIN1538"}
[2025-05-18 07:30:43] User found with email: super_admin@gmail.com, User ID: 17
[2025-05-18 07:30:43] Account is activated for user: Super Admin
[2025-05-18 07:30:44] Login successful for user: Super Admin. Session variables set.
[2025-05-18 07:30:59] Received login request from origin: http://localhost, IP: ::1
[2025-05-18 07:30:59] Session started with ID: q660q7qs3mppemnjfet811g9mq
[2025-05-18 07:30:59] Received JSON data: {"email":"delacruz_juan@plpasig.edu.ph","password":"Pass@1538"}
[2025-05-18 07:30:59] User found with email: delacruz_juan@plpasig.edu.ph, User ID: 27
[2025-05-18 07:30:59] Account is activated for user: Juana Delacruz
[2025-05-18 07:30:59] Login successful for user: Juana Delacruz. Session variables set.
[2025-05-18 07:43:58] Received login request from origin: http://localhost, IP: ::1
[2025-05-18 07:43:58] Session started with ID: jirk9o52ekshnc4d411ds6fvk4
[2025-05-18 07:43:58] Received JSON data: {"email":"super_admin@gmail.com","password":"Pass@SUPERADMIN1538"}
[2025-05-18 07:43:58] User found with email: super_admin@gmail.com, User ID: 17
[2025-05-18 07:43:58] Account is activated for user: Super Admin
[2025-05-18 07:43:59] Login successful for user: Super Admin. Session variables set.
[2025-05-18 08:34:03] Received login request from origin: http://localhost, IP: ::1
[2025-05-18 08:34:03] Session already active with ID: jirk9o52ekshnc4d411ds6fvk4
[2025-05-18 08:34:03] Received JSON data: {"email":"quinto_christopher@plpasig.edu.ph","password":"Pass@1538"}
[2025-05-18 08:34:03] User found with email: quinto_christopher@plpasig.edu.ph, User ID: 25
[2025-05-18 08:34:03] Account is activated for user: Christopher Quinto
[2025-05-18 08:34:03] Login successful for user: Christopher Quinto. Session variables set.
[2025-05-18 08:34:15] Received login request from origin: http://localhost, IP: ::1
[2025-05-18 08:34:15] Session already active with ID: jirk9o52ekshnc4d411ds6fvk4
[2025-05-18 08:34:15] Received JSON data: {"email":"quinto_christopher@plpasig.edu.ph","password":"Pass@1538"}
[2025-05-18 08:34:15] User found with email: quinto_christopher@plpasig.edu.ph, User ID: 25
[2025-05-18 08:34:15] Account is activated for user: Christopher Quinto
[2025-05-18 08:34:16] Login successful for user: Christopher Quinto. Session variables set.
[2025-05-18 08:35:29] Received login request from origin: http://localhost, IP: ::1
[2025-05-18 08:35:29] Received JSON data: {"email":"quinto_christopher@plpasig.edu.ph","password":"Pass@1538"}
[2025-05-18 08:35:29] User found with email: quinto_christopher@plpasig.edu.ph, User ID: 25
[2025-05-18 08:35:29] Account is activated for user: Christopher Quinto
[2025-05-18 08:35:29] Login successful for user: Christopher Quinto. Session variables set.
[2025-05-18 08:39:59] Received login request from origin: http://localhost, IP: 127.0.0.1
[2025-05-18 08:39:59] Session started with ID: kvh487rlfkfi5v9guv8ptd9bjc
[2025-05-18 08:39:59] Received JSON data: {"email":"quinto_christopher@plpasig.edu.ph","password":"Pass@1538"}
[2025-05-18 08:39:59] User found with email: quinto_christopher@plpasig.edu.ph, User ID: 25
[2025-05-18 08:39:59] Account is activated for user: Christopher Quinto
[2025-05-18 08:40:00] Login successful for user: Christopher Quinto. Session variables set.
[2025-05-18 08:46:34] Received login request from origin: http://localhost, IP: ::1
[2025-05-18 08:46:34] Session started with ID: q660q7qs3mppemnjfet811g9mq
[2025-05-18 08:46:34] Received JSON data: {"email":"super_admin@gmail.com","password":"Pass@1538"}
[2025-05-18 08:46:34] User found with email: super_admin@gmail.com, User ID: 17
[2025-05-18 08:46:34] Account is activated for user: Super Admin
[2025-05-18 08:46:35] Login failed: Incorrect password for email: super_admin@gmail.com
[2025-05-18 08:46:43] Received login request from origin: http://localhost, IP: ::1
[2025-05-18 08:46:43] Session started with ID: q660q7qs3mppemnjfet811g9mq
[2025-05-18 08:46:43] Received JSON data: {"email":"super_admin@gmail.com","password":"Pass@SUPERADMIN1538"}
[2025-05-18 08:46:43] User found with email: super_admin@gmail.com, User ID: 17
[2025-05-18 08:46:43] Account is activated for user: Super Admin
[2025-05-18 08:46:43] Login successful for user: Super Admin. Session variables set.
